
==============================================================================
▶  [greedy] Greedy over all cases (run_all.py)
   cmd: /Users/algofe/HACKUPC-2026/.venv/bin/python3 run_all.py Cases solutions
   log: traces/experiments/greedy.log
==============================================================================
[1] Parsing Cases/Case0...
    WH=51000000  Obs=1932500  Usable=49067500  BayTypes=6  CeilingBPs=3
    Bay 0: 800x1200 h=2800 gap=200 p/l=500 eff=1920
    Bay 1: 1600x1200 h=2800 gap=200 p/l=312 eff=6144
    Bay 2: 2400x1200 h=2800 gap=200 p/l=233 eff=12343
    Bay 3: 800x1000 h=1800 gap=150 p/l=600 eff=1333
    Bay 4: 1600x1000 h=1800 gap=150 p/l=383 eff=4174
    Bay 5: 2400x1000 h=1800 gap=150 p/l=289 eff=8308
[2] Strip packing (4.2s)...
    → 19 bays, cov=53.8%, Q=6416.84
[3] Filling gaps (1.5s)...
    → 26 bays, cov=66.2%, Q=3349.13

==================================================
  solutions/Case0.csv: 26 bays, cov=66.2%, Q=3349.13, 1.56s
==================================================
[1] Parsing Cases/Case1...
    WH=100000000  Obs=0  Usable=100000000  BayTypes=16  CeilingBPs=2
    Bay 0: 1300x1000 h=1400 gap=500 p/l=1000 eff=1300
    Bay 1: 1300x1000 h=2800 gap=500 p/l=650 eff=2000
    Bay 2: 1300x1000 h=4200 gap=500 p/l=533 eff=2438
    Bay 3: 1300x1000 h=5600 gap=500 p/l=475 eff=2737
    Bay 4: 2300x1000 h=1400 gap=500 p/l=800 eff=2875
    Bay 5: 2300x1000 h=2800 gap=500 p/l=520 eff=4423
    Bay 6: 2300x1000 h=4200 gap=500 p/l=427 eff=5391
    Bay 7: 2300x1000 h=5600 gap=500 p/l=380 eff=6053
    Bay 8: 3300x1000 h=1400 gap=500 p/l=733 eff=4500
    Bay 9: 3300x1000 h=2800 gap=500 p/l=477 eff=6923
    Bay 10: 3300x1000 h=4200 gap=500 p/l=391 eff=8438
    Bay 11: 3300x1000 h=5600 gap=500 p/l=348 eff=9474
    Bay 12: 4300x1000 h=1400 gap=500 p/l=700 eff=6143
    Bay 13: 4300x1000 h=2800 gap=500 p/l=455 eff=9451
    Bay 14: 4300x1000 h=4200 gap=500 p/l=373 eff=11518
    Bay 15: 4300x1000 h=5600 gap=500 p/l=332 eff=12932
[2] Strip packing (4.2s)...
    → 24 bays, cov=79.2%, Q=1340.03
[3] Filling gaps (1.5s)...
    → 24 bays, cov=79.2%, Q=1340.03

==================================================
  solutions/Case1.csv: 24 bays, cov=79.2%, Q=1340.03, 1.61s
==================================================
[1] Parsing Cases/Case10_donut...
    WH=225000000  Obs=49000000  Usable=176000000  BayTypes=16  CeilingBPs=2
    Bay 0: 1300x1000 h=1400 gap=500 p/l=1000 eff=1300
    Bay 1: 1300x1000 h=2800 gap=500 p/l=650 eff=2000
    Bay 2: 1300x1000 h=4200 gap=500 p/l=533 eff=2438
    Bay 3: 1300x1000 h=5600 gap=500 p/l=475 eff=2737
    Bay 4: 2300x1000 h=1400 gap=500 p/l=800 eff=2875
    Bay 5: 2300x1000 h=2800 gap=500 p/l=520 eff=4423
    Bay 6: 2300x1000 h=4200 gap=500 p/l=427 eff=5391
    Bay 7: 2300x1000 h=5600 gap=500 p/l=380 eff=6053
    Bay 8: 3300x1000 h=1400 gap=500 p/l=733 eff=4500
    Bay 9: 3300x1000 h=2800 gap=500 p/l=477 eff=6923
    Bay 10: 3300x1000 h=4200 gap=500 p/l=391 eff=8438
    Bay 11: 3300x1000 h=5600 gap=500 p/l=348 eff=9474
    Bay 12: 4300x1000 h=1400 gap=500 p/l=700 eff=6143
    Bay 13: 4300x1000 h=2800 gap=500 p/l=455 eff=9451
    Bay 14: 4300x1000 h=4200 gap=500 p/l=373 eff=11518
    Bay 15: 4300x1000 h=5600 gap=500 p/l=332 eff=12932
[2] Strip packing (4.2s)...
    → 36 bays, cov=70.9%, Q=2831.01
[3] Filling gaps (1.5s)...
    → 36 bays, cov=70.9%, Q=2831.01

==================================================
  solutions/Case10_donut.csv: 36 bays, cov=70.9%, Q=2831.01, 1.77s
==================================================
[1] Parsing Cases/Case11...
    WH=200000000  Obs=0  Usable=200000000  BayTypes=6  CeilingBPs=1
    Bay 0: 800x1200 h=2800 gap=200 p/l=500 eff=1920
    Bay 1: 1600x1200 h=2800 gap=200 p/l=312 eff=6144
    Bay 2: 2400x1200 h=2800 gap=200 p/l=233 eff=12343
    Bay 3: 800x1000 h=1800 gap=150 p/l=600 eff=1333
    Bay 4: 1600x1000 h=1800 gap=150 p/l=383 eff=4174
    Bay 5: 2400x1000 h=1800 gap=150 p/l=289 eff=8308
[2] Strip packing (4.2s)...
    → 81 bays, cov=90.0%, Q=533.28
[3] Filling gaps (1.5s)...
    → 81 bays, cov=90.0%, Q=533.28

==================================================
  solutions/Case11.csv: 81 bays, cov=90.0%, Q=533.28, 2.31s
==================================================
[1] Parsing Cases/Case12...
    WH=232000000  Obs=5000000  Usable=227000000  BayTypes=6  CeilingBPs=3
    Bay 0: 800x1200 h=2800 gap=200 p/l=500 eff=1920
    Bay 1: 1600x1200 h=2800 gap=200 p/l=312 eff=6144
    Bay 2: 2400x1200 h=2800 gap=200 p/l=233 eff=12343
    Bay 3: 800x1000 h=1800 gap=150 p/l=600 eff=1333
    Bay 4: 1600x1000 h=1800 gap=150 p/l=383 eff=4174
    Bay 5: 2400x1000 h=1800 gap=150 p/l=289 eff=8308
[2] Strip packing (4.2s)...
    → 88 bays, cov=83.5%, Q=789.64
[3] Filling gaps (1.5s)...
    → 88 bays, cov=83.5%, Q=789.64

==================================================
  solutions/Case12.csv: 88 bays, cov=83.5%, Q=789.64, 2.34s
==================================================
[1] Parsing Cases/Case13...
    WH=200000000  Obs=2000000  Usable=198000000  BayTypes=6  CeilingBPs=4
    Bay 0: 800x1200 h=2800 gap=200 p/l=500 eff=1920
    Bay 1: 1600x1200 h=2800 gap=200 p/l=312 eff=6144
    Bay 2: 2400x1200 h=2800 gap=200 p/l=233 eff=12343
    Bay 3: 800x1000 h=1800 gap=150 p/l=600 eff=1333
    Bay 4: 1600x1000 h=1800 gap=150 p/l=383 eff=4174
    Bay 5: 2400x1000 h=1800 gap=150 p/l=289 eff=8308
[2] Strip packing (4.2s)...
    → 66 bays, cov=76.0%, Q=1176.84
[3] Filling gaps (1.5s)...
    → 66 bays, cov=76.0%, Q=1176.84

==================================================
  solutions/Case13.csv: 66 bays, cov=76.0%, Q=1176.84, 2.05s
==================================================
[1] Parsing Cases/Case14...
    WH=225000000  Obs=5760000  Usable=219240000  BayTypes=6  CeilingBPs=1
    Bay 0: 800x1200 h=2800 gap=200 p/l=500 eff=1920
    Bay 1: 1600x1200 h=2800 gap=200 p/l=312 eff=6144
    Bay 2: 2400x1200 h=2800 gap=200 p/l=233 eff=12343
    Bay 3: 800x1000 h=1800 gap=150 p/l=600 eff=1333
    Bay 4: 1600x1000 h=1800 gap=150 p/l=383 eff=4174
    Bay 5: 2400x1000 h=1800 gap=150 p/l=289 eff=8308
[2] Strip packing (4.2s)...
    → 61 bays, cov=73.6%, Q=1054.34
[3] Filling gaps (1.5s)...
    → 63 bays, cov=74.7%, Q=1002.30

==================================================
  solutions/Case14.csv: 63 bays, cov=74.7%, Q=1002.30, 2.29s
==================================================
[1] Parsing Cases/Case15_mega...
    WH=2126000000  Obs=19930000  Usable=2106070000  BayTypes=12  CeilingBPs=9
    Bay 0: 1000x1200 h=2800 gap=200 p/l=533 eff=2250
    Bay 1: 2000x1200 h=2800 gap=200 p/l=350 eff=6857
    Bay 2: 3000x1200 h=2800 gap=200 p/l=278 eff=12960
    Bay 3: 4000x1200 h=2800 gap=200 p/l=242 eff=19862
    Bay 4: 1000x800 h=1900 gap=150 p/l=600 eff=1333
    Bay 5: 2000x800 h=1900 gap=150 p/l=425 eff=3765
    Bay 6: 3000x800 h=1900 gap=150 p/l=350 eff=6857
    Bay 7: 1500x1500 h=3200 gap=300 p/l=480 eff=4688
    Bay 8: 3000x1500 h=3200 gap=300 p/l=320 eff=14062
    Bay 9: 4500x1500 h=3200 gap=300 p/l=267 eff=25312
    Bay 10: 2000x1000 h=2400 gap=200 p/l=370 eff=5405
    Bay 11: 1200x600 h=1800 gap=150 p/l=550 eff=1309
[2] Strip packing (4.2s)...
    → 158 bays, cov=37.1%, Q=11201.36
[3] Filling gaps (1.5s)...
    → 161 bays, cov=37.6%, Q=10857.18

==================================================
  solutions/Case15_mega.csv: 161 bays, cov=37.6%, Q=10857.18, 5.50s
==================================================
[1] Parsing Cases/Case2...
    WH=100000000  Obs=16000000  Usable=84000000  BayTypes=16  CeilingBPs=2
    Bay 0: 1300x1000 h=1400 gap=500 p/l=1000 eff=1300
    Bay 1: 1300x1000 h=2800 gap=500 p/l=650 eff=2000
    Bay 2: 1300x1000 h=4200 gap=500 p/l=533 eff=2438
    Bay 3: 1300x1000 h=5600 gap=500 p/l=475 eff=2737
    Bay 4: 2300x1000 h=1400 gap=500 p/l=800 eff=2875
    Bay 5: 2300x1000 h=2800 gap=500 p/l=520 eff=4423
    Bay 6: 2300x1000 h=4200 gap=500 p/l=427 eff=5391
    Bay 7: 2300x1000 h=5600 gap=500 p/l=380 eff=6053
    Bay 8: 3300x1000 h=1400 gap=500 p/l=733 eff=4500
    Bay 9: 3300x1000 h=2800 gap=500 p/l=477 eff=6923
    Bay 10: 3300x1000 h=4200 gap=500 p/l=391 eff=8438
    Bay 11: 3300x1000 h=5600 gap=500 p/l=348 eff=9474
    Bay 12: 4300x1000 h=1400 gap=500 p/l=700 eff=6143
    Bay 13: 4300x1000 h=2800 gap=500 p/l=455 eff=9451
    Bay 14: 4300x1000 h=4200 gap=500 p/l=373 eff=11518
    Bay 15: 4300x1000 h=5600 gap=500 p/l=332 eff=12932
[2] Strip packing (4.2s)...
    → 20 bays, cov=69.0%, Q=2551.22
[3] Filling gaps (1.5s)...
    → 20 bays, cov=69.0%, Q=2551.22

==================================================
  solutions/Case2.csv: 20 bays, cov=69.0%, Q=2551.22, 1.58s
==================================================
[1] Parsing Cases/Case3...
    WH=272000000  Obs=16000000  Usable=256000000  BayTypes=16  CeilingBPs=3
    Bay 0: 1300x1000 h=1400 gap=500 p/l=1000 eff=1300
    Bay 1: 1300x1000 h=2800 gap=500 p/l=650 eff=2000
    Bay 2: 1300x1000 h=4200 gap=500 p/l=533 eff=2438
    Bay 3: 1300x1000 h=5600 gap=500 p/l=475 eff=2737
    Bay 4: 2300x1000 h=1400 gap=500 p/l=800 eff=2875
    Bay 5: 2300x1000 h=2800 gap=500 p/l=520 eff=4423
    Bay 6: 2300x1000 h=4200 gap=500 p/l=427 eff=5391
    Bay 7: 2300x1000 h=5600 gap=500 p/l=380 eff=6053
    Bay 8: 3300x1000 h=1400 gap=500 p/l=733 eff=4500
    Bay 9: 3300x1000 h=2800 gap=500 p/l=477 eff=6923
    Bay 10: 3300x1000 h=4200 gap=500 p/l=391 eff=8438
    Bay 11: 3300x1000 h=5600 gap=500 p/l=348 eff=9474
    Bay 12: 4300x1000 h=1400 gap=500 p/l=700 eff=6143
    Bay 13: 4300x1000 h=2800 gap=500 p/l=455 eff=9451
    Bay 14: 4300x1000 h=4200 gap=500 p/l=373 eff=11518
    Bay 15: 4300x1000 h=5600 gap=500 p/l=332 eff=12932
[2] Strip packing (4.2s)...
    → 44 bays, cov=62.6%, Q=3327.66
[3] Filling gaps (1.5s)...
    → 44 bays, cov=62.6%, Q=3327.66

==================================================
  solutions/Case3.csv: 44 bays, cov=62.6%, Q=3327.66, 2.36s
==================================================
[1] Parsing Cases/Case4_T_shape...
    WH=134000000  Obs=0  Usable=134000000  BayTypes=16  CeilingBPs=2
    Bay 0: 1300x1000 h=1400 gap=500 p/l=1000 eff=1300
    Bay 1: 1300x1000 h=2800 gap=500 p/l=650 eff=2000
    Bay 2: 1300x1000 h=4200 gap=500 p/l=533 eff=2438
    Bay 3: 1300x1000 h=5600 gap=500 p/l=475 eff=2737
    Bay 4: 2300x1000 h=1400 gap=500 p/l=800 eff=2875
    Bay 5: 2300x1000 h=2800 gap=500 p/l=520 eff=4423
    Bay 6: 2300x1000 h=4200 gap=500 p/l=427 eff=5391
    Bay 7: 2300x1000 h=5600 gap=500 p/l=380 eff=6053
    Bay 8: 3300x1000 h=1400 gap=500 p/l=733 eff=4500
    Bay 9: 3300x1000 h=2800 gap=500 p/l=477 eff=6923
    Bay 10: 3300x1000 h=4200 gap=500 p/l=391 eff=8438
    Bay 11: 3300x1000 h=5600 gap=500 p/l=348 eff=9474
    Bay 12: 4300x1000 h=1400 gap=500 p/l=700 eff=6143
    Bay 13: 4300x1000 h=2800 gap=500 p/l=455 eff=9451
    Bay 14: 4300x1000 h=4200 gap=500 p/l=373 eff=11518
    Bay 15: 4300x1000 h=5600 gap=500 p/l=332 eff=12932
[2] Strip packing (4.2s)...
    → 30 bays, cov=74.6%, Q=2273.38
[3] Filling gaps (1.5s)...
    → 30 bays, cov=74.6%, Q=2273.38

==================================================
  solutions/Case4_T_shape.csv: 30 bays, cov=74.6%, Q=2273.38, 1.69s
==================================================
[1] Parsing Cases/Case5_U_shape...
    WH=120000000  Obs=0  Usable=120000000  BayTypes=16  CeilingBPs=2
    Bay 0: 1300x1000 h=1400 gap=500 p/l=1000 eff=1300
    Bay 1: 1300x1000 h=2800 gap=500 p/l=650 eff=2000
    Bay 2: 1300x1000 h=4200 gap=500 p/l=533 eff=2438
    Bay 3: 1300x1000 h=5600 gap=500 p/l=475 eff=2737
    Bay 4: 2300x1000 h=1400 gap=500 p/l=800 eff=2875
    Bay 5: 2300x1000 h=2800 gap=500 p/l=520 eff=4423
    Bay 6: 2300x1000 h=4200 gap=500 p/l=427 eff=5391
    Bay 7: 2300x1000 h=5600 gap=500 p/l=380 eff=6053
    Bay 8: 3300x1000 h=1400 gap=500 p/l=733 eff=4500
    Bay 9: 3300x1000 h=2800 gap=500 p/l=477 eff=6923
    Bay 10: 3300x1000 h=4200 gap=500 p/l=391 eff=8438
    Bay 11: 3300x1000 h=5600 gap=500 p/l=348 eff=9474
    Bay 12: 4300x1000 h=1400 gap=500 p/l=700 eff=6143
    Bay 13: 4300x1000 h=2800 gap=500 p/l=455 eff=9451
    Bay 14: 4300x1000 h=4200 gap=500 p/l=373 eff=11518
    Bay 15: 4300x1000 h=5600 gap=500 p/l=332 eff=12932
[2] Strip packing (4.2s)...
    → 21 bays, cov=65.2%, Q=3939.50
[3] Filling gaps (1.5s)...
    → 21 bays, cov=65.2%, Q=3939.50

==================================================
  solutions/Case5_U_shape.csv: 21 bays, cov=65.2%, Q=3939.50, 1.09s
==================================================
[1] Parsing Cases/Case6_obstacle_field...
    WH=144000000  Obs=1500000  Usable=142500000  BayTypes=16  CeilingBPs=2
    Bay 0: 1300x1000 h=1400 gap=500 p/l=1000 eff=1300
    Bay 1: 1300x1000 h=2800 gap=500 p/l=650 eff=2000
    Bay 2: 1300x1000 h=4200 gap=500 p/l=533 eff=2438
    Bay 3: 1300x1000 h=5600 gap=500 p/l=475 eff=2737
    Bay 4: 2300x1000 h=1400 gap=500 p/l=800 eff=2875
    Bay 5: 2300x1000 h=2800 gap=500 p/l=520 eff=4423
    Bay 6: 2300x1000 h=4200 gap=500 p/l=427 eff=5391
    Bay 7: 2300x1000 h=5600 gap=500 p/l=380 eff=6053
    Bay 8: 3300x1000 h=1400 gap=500 p/l=733 eff=4500
    Bay 9: 3300x1000 h=2800 gap=500 p/l=477 eff=6923
    Bay 10: 3300x1000 h=4200 gap=500 p/l=391 eff=8438
    Bay 11: 3300x1000 h=5600 gap=500 p/l=348 eff=9474
    Bay 12: 4300x1000 h=1400 gap=500 p/l=700 eff=6143
    Bay 13: 4300x1000 h=2800 gap=500 p/l=455 eff=9451
    Bay 14: 4300x1000 h=4200 gap=500 p/l=373 eff=11518
    Bay 15: 4300x1000 h=5600 gap=500 p/l=332 eff=12932
[2] Strip packing (4.2s)...
    → 27 bays, cov=68.8%, Q=3178.62
[3] Filling gaps (1.5s)...
    → 27 bays, cov=68.8%, Q=3178.62

==================================================
  solutions/Case6_obstacle_field.csv: 27 bays, cov=68.8%, Q=3178.62, 1.69s
==================================================
[1] Parsing Cases/Case7_variable_ceiling...
    WH=128000000  Obs=0  Usable=128000000  BayTypes=6  CeilingBPs=5
    Bay 0: 800x1200 h=2800 gap=200 p/l=500 eff=1920
    Bay 1: 1600x1200 h=2800 gap=200 p/l=312 eff=6144
    Bay 2: 2400x1200 h=2800 gap=200 p/l=233 eff=12343
    Bay 3: 800x1000 h=1800 gap=150 p/l=600 eff=1333
    Bay 4: 1600x1000 h=1800 gap=150 p/l=383 eff=4174
    Bay 5: 2400x1000 h=1800 gap=150 p/l=289 eff=8308
[2] Strip packing (4.2s)...
    → 49 bays, cov=87.5%, Q=608.19
[3] Filling gaps (1.5s)...
    → 49 bays, cov=87.5%, Q=608.19

==================================================
  solutions/Case7_variable_ceiling.csv: 49 bays, cov=87.5%, Q=608.19, 1.80s
==================================================
[1] Parsing Cases/Case8_corridor...
    WH=120000000  Obs=750000  Usable=119250000  BayTypes=16  CeilingBPs=2
    Bay 0: 1300x1000 h=1400 gap=500 p/l=1000 eff=1300
    Bay 1: 1300x1000 h=2800 gap=500 p/l=650 eff=2000
    Bay 2: 1300x1000 h=4200 gap=500 p/l=533 eff=2438
    Bay 3: 1300x1000 h=5600 gap=500 p/l=475 eff=2737
    Bay 4: 2300x1000 h=1400 gap=500 p/l=800 eff=2875
    Bay 5: 2300x1000 h=2800 gap=500 p/l=520 eff=4423
    Bay 6: 2300x1000 h=4200 gap=500 p/l=427 eff=5391
    Bay 7: 2300x1000 h=5600 gap=500 p/l=380 eff=6053
    Bay 8: 3300x1000 h=1400 gap=500 p/l=733 eff=4500
    Bay 9: 3300x1000 h=2800 gap=500 p/l=477 eff=6923
    Bay 10: 3300x1000 h=4200 gap=500 p/l=391 eff=8438
    Bay 11: 3300x1000 h=5600 gap=500 p/l=348 eff=9474
    Bay 12: 4300x1000 h=1400 gap=500 p/l=700 eff=6143
    Bay 13: 4300x1000 h=2800 gap=500 p/l=455 eff=9451
    Bay 14: 4300x1000 h=4200 gap=500 p/l=373 eff=11518
    Bay 15: 4300x1000 h=5600 gap=500 p/l=332 eff=12932
[2] Strip packing (4.2s)...
    → 21 bays, cov=69.9%, Q=2928.25
[3] Filling gaps (1.5s)...
    → 21 bays, cov=69.9%, Q=2928.25

==================================================
  solutions/Case8_corridor.csv: 21 bays, cov=69.9%, Q=2928.25, 1.60s
==================================================
[1] Parsing Cases/Case9_complex...
    WH=204000000  Obs=2450000  Usable=201550000  BayTypes=8  CeilingBPs=4
    Bay 0: 1000x1200 h=2800 gap=200 p/l=533 eff=2250
    Bay 1: 2000x1200 h=2800 gap=200 p/l=350 eff=6857
    Bay 2: 3000x1200 h=2800 gap=200 p/l=278 eff=12960
    Bay 3: 1000x800 h=2500 gap=150 p/l=600 eff=1333
    Bay 4: 2000x800 h=2500 gap=150 p/l=425 eff=3765
    Bay 5: 3000x800 h=2500 gap=150 p/l=350 eff=6857
    Bay 6: 1500x1500 h=3200 gap=300 p/l=480 eff=4688
    Bay 7: 3000x1500 h=3200 gap=300 p/l=320 eff=14062
[2] Strip packing (4.2s)...
    → 70 bays, cov=71.4%, Q=2011.92
[3] Filling gaps (1.5s)...
    → 70 bays, cov=71.4%, Q=2011.92

==================================================
  solutions/Case9_complex.csv: 70 bays, cov=71.4%, Q=2011.92, 1.97s
==================================================
[1] Parsing Cases/Case_Teixis...
    WH=1319500000  Obs=111750000  Usable=1207750000  BayTypes=9  CeilingBPs=5
    Bay 1: 2500x1000 h=2500 gap=800 p/l=200 eff=12500
    Bay 2: 3000x1200 h=3200 gap=1000 p/l=219 eff=16457
    Bay 3: 4000x1200 h=3500 gap=1200 p/l=240 eff=20000
    Bay 4: 5000x1400 h=4200 gap=1200 p/l=242 eff=28889
    Bay 5: 6000x1500 h=4500 gap=1500 p/l=262 eff=34286
    Bay 6: 3500x1800 h=5000 gap=1500 p/l=246 eff=25627
    Bay 7: 4500x2000 h=6000 gap=1800 p/l=289 eff=31154
    Bay 8: 5500x2200 h=7000 gap=2000 p/l=314 eff=38580
    Bay 9: 7000x1800 h=5500 gap=1800 p/l=300 eff=42000
[2] Strip packing (4.2s)...
    → 300 bays, cov=62.1%, Q=1489.86
[3] Filling gaps (1.5s)...
    → 300 bays, cov=62.1%, Q=1489.86

==================================================
  solutions/Case_Teixis.csv: 300 bays, cov=62.1%, Q=1489.86, 2.92s
==================================================

============================================================
  Running Case0
============================================================

============================================================
  Running Case1
============================================================

============================================================
  Running Case10_donut
============================================================

============================================================
  Running Case11
============================================================

============================================================
  Running Case12
============================================================

============================================================
  Running Case13
============================================================

============================================================
  Running Case14
============================================================

============================================================
  Running Case15_mega
============================================================

============================================================
  Running Case2
============================================================

============================================================
  Running Case3
============================================================

============================================================
  Running Case4_T_shape
============================================================

============================================================
  Running Case5_U_shape
============================================================

============================================================
  Running Case6_obstacle_field
============================================================

============================================================
  Running Case7_variable_ceiling
============================================================

============================================================
  Running Case8_corridor
============================================================

============================================================
  Running Case9_complex
============================================================

============================================================
  Running Case_Teixis
============================================================

============================================================
  ALL CASES DONE in 39.65s
  Under 30s: NO
============================================================

[greedy] done in 39.71s  exit=0
